<?xml version="1.0" encoding="UTF-8"?>
<testsuite name="devs.delminius.ApplicationTest" tests="1" skipped="0" failures="1" errors="0" timestamp="2021-12-17T07:51:08" hostname="Ivans-MBP" time="1.197">
  <properties/>
  <testcase name="access all heroes endpoint, assert correct information" classname="devs.delminius.ApplicationTest" time="1.197">
    <failure message="java.lang.AssertionError: expected:&lt;ApiResponse(success=true, message=ok, prevPage=null, nextPage=2, heroes=[Hero(id=1, name=Sasuke, image=/images/sasuke.jpg, about=Sasuke Uchiha (うちはサスケ, Uchiha Sasuke) is one of the last surviving members of Konohagakure's Uchiha clan. After his older brother, Itachi, slaughtered their clan, Sasuke made it his mission in life to avenge them by killing Itachi. He is added to Team 7 upon becoming a ninja and, through competition with his rival and best friend, Naruto Uzumaki., rating=5.0, power=98, month=July, day=23rd, family=[Fugaku, Mikoto, Itachi, Sarada, Sakura], abilities=[Sharingan, Rinnegan, Sussano, Amateratsu, Intelligence], natureTypes=[Lightning, Fire, Wind, Earth, Water]), Hero(id=2, name=Naruto, image=/images/naruto.jpg, about=Naruto Uzumaki (うずまきナルト, Uzumaki Naruto) is a shinobi of Konohagakure's Uzumaki clan. He became the jinchūriki of the Nine-Tails on the day of his birth — a fate that caused him to be shunned by most of Konoha throughout his childhood. After joining Team Kakashi, Naruto worked hard to gain the village's acknowledgement all the while chasing his dream to become Hokage., rating=5.0, power=98, month=Oct, day=10th, family=[Minato, Kushina, Boruto, Himawari, Hinata], abilities=[Rasengan, Rasen-Shuriken, Shadow Clone, Senin Mode], natureTypes=[Wind, Earth, Lava, Fire]), Hero(id=3, name=Sakura, image=/images/sakura.jpg, about=Sakura Uchiha (うちはサクラ, Uchiha Sakura, née Haruno (春野)) is a kunoichi of Konohagakure. When assigned to Team 7, Sakura quickly finds herself ill-prepared for the duties of a shinobi. However, after training under the Sannin Tsunade, she overcomes this, and becomes recognised as one of the greatest medical-nin in the world., rating=4.5, power=92, month=Mar, day=28th, family=[Kizashi, Mebuki, Sarada, Sasuke], abilities=[Chakra Control, Medical Ninjutsu, Strength, Intelligence], natureTypes=[Earth, Water, Fire])], lastUpdated=1639727469704)&gt; but was:&lt;ApiResponse(success=true, message=ok, prevPage=null, nextPage=2, heroes=[Hero(id=1, name=Sasuke, image=/images/sasuke.jpg, about=Sasuke Uchiha (うちはサスケ, Uchiha Sasuke) is one of the last surviving members of Konohagakure's Uchiha clan. After his older brother, Itachi, slaughtered their clan, Sasuke made it his mission in life to avenge them by killing Itachi. He is added to Team 7 upon becoming a ninja and, through competition with his rival and best friend, Naruto Uzumaki., rating=5.0, power=98, month=July, day=23rd, family=[Fugaku, Mikoto, Itachi, Sarada, Sakura], abilities=[Sharingan, Rinnegan, Sussano, Amateratsu, Intelligence], natureTypes=[Lightning, Fire, Wind, Earth, Water]), Hero(id=2, name=Naruto, image=/images/naruto.jpg, about=Naruto Uzumaki (うずまきナルト, Uzumaki Naruto) is a shinobi of Konohagakure's Uzumaki clan. He became the jinchūriki of the Nine-Tails on the day of his birth — a fate that caused him to be shunned by most of Konoha throughout his childhood. After joining Team Kakashi, Naruto worked hard to gain the village's acknowledgement all the while chasing his dream to become Hokage., rating=5.0, power=98, month=Oct, day=10th, family=[Minato, Kushina, Boruto, Himawari, Hinata], abilities=[Rasengan, Rasen-Shuriken, Shadow Clone, Senin Mode], natureTypes=[Wind, Earth, Lava, Fire]), Hero(id=3, name=Sakura, image=/images/sakura.jpg, about=Sakura Uchiha (うちはサクラ, Uchiha Sakura, née Haruno (春野)) is a kunoichi of Konohagakure. When assigned to Team 7, Sakura quickly finds herself ill-prepared for the duties of a shinobi. However, after training under the Sannin Tsunade, she overcomes this, and becomes recognised as one of the greatest medical-nin in the world., rating=4.5, power=92, month=Mar, day=28th, family=[Kizashi, Mebuki, Sarada, Sasuke], abilities=[Chakra Control, Medical Ninjutsu, Strength, Intelligence], natureTypes=[Earth, Water, Fire])], lastUpdated=1639727469188)&gt;" type="java.lang.AssertionError">java.lang.AssertionError: expected:&lt;ApiResponse(success=true, message=ok, prevPage=null, nextPage=2, heroes=[Hero(id=1, name=Sasuke, image=/images/sasuke.jpg, about=Sasuke Uchiha (うちはサスケ, Uchiha Sasuke) is one of the last surviving members of Konohagakure's Uchiha clan. After his older brother, Itachi, slaughtered their clan, Sasuke made it his mission in life to avenge them by killing Itachi. He is added to Team 7 upon becoming a ninja and, through competition with his rival and best friend, Naruto Uzumaki., rating=5.0, power=98, month=July, day=23rd, family=[Fugaku, Mikoto, Itachi, Sarada, Sakura], abilities=[Sharingan, Rinnegan, Sussano, Amateratsu, Intelligence], natureTypes=[Lightning, Fire, Wind, Earth, Water]), Hero(id=2, name=Naruto, image=/images/naruto.jpg, about=Naruto Uzumaki (うずまきナルト, Uzumaki Naruto) is a shinobi of Konohagakure's Uzumaki clan. He became the jinchūriki of the Nine-Tails on the day of his birth — a fate that caused him to be shunned by most of Konoha throughout his childhood. After joining Team Kakashi, Naruto worked hard to gain the village's acknowledgement all the while chasing his dream to become Hokage., rating=5.0, power=98, month=Oct, day=10th, family=[Minato, Kushina, Boruto, Himawari, Hinata], abilities=[Rasengan, Rasen-Shuriken, Shadow Clone, Senin Mode], natureTypes=[Wind, Earth, Lava, Fire]), Hero(id=3, name=Sakura, image=/images/sakura.jpg, about=Sakura Uchiha (うちはサクラ, Uchiha Sakura, née Haruno (春野)) is a kunoichi of Konohagakure. When assigned to Team 7, Sakura quickly finds herself ill-prepared for the duties of a shinobi. However, after training under the Sannin Tsunade, she overcomes this, and becomes recognised as one of the greatest medical-nin in the world., rating=4.5, power=92, month=Mar, day=28th, family=[Kizashi, Mebuki, Sarada, Sasuke], abilities=[Chakra Control, Medical Ninjutsu, Strength, Intelligence], natureTypes=[Earth, Water, Fire])], lastUpdated=1639727469704)&gt; but was:&lt;ApiResponse(success=true, message=ok, prevPage=null, nextPage=2, heroes=[Hero(id=1, name=Sasuke, image=/images/sasuke.jpg, about=Sasuke Uchiha (うちはサスケ, Uchiha Sasuke) is one of the last surviving members of Konohagakure's Uchiha clan. After his older brother, Itachi, slaughtered their clan, Sasuke made it his mission in life to avenge them by killing Itachi. He is added to Team 7 upon becoming a ninja and, through competition with his rival and best friend, Naruto Uzumaki., rating=5.0, power=98, month=July, day=23rd, family=[Fugaku, Mikoto, Itachi, Sarada, Sakura], abilities=[Sharingan, Rinnegan, Sussano, Amateratsu, Intelligence], natureTypes=[Lightning, Fire, Wind, Earth, Water]), Hero(id=2, name=Naruto, image=/images/naruto.jpg, about=Naruto Uzumaki (うずまきナルト, Uzumaki Naruto) is a shinobi of Konohagakure's Uzumaki clan. He became the jinchūriki of the Nine-Tails on the day of his birth — a fate that caused him to be shunned by most of Konoha throughout his childhood. After joining Team Kakashi, Naruto worked hard to gain the village's acknowledgement all the while chasing his dream to become Hokage., rating=5.0, power=98, month=Oct, day=10th, family=[Minato, Kushina, Boruto, Himawari, Hinata], abilities=[Rasengan, Rasen-Shuriken, Shadow Clone, Senin Mode], natureTypes=[Wind, Earth, Lava, Fire]), Hero(id=3, name=Sakura, image=/images/sakura.jpg, about=Sakura Uchiha (うちはサクラ, Uchiha Sakura, née Haruno (春野)) is a kunoichi of Konohagakure. When assigned to Team 7, Sakura quickly finds herself ill-prepared for the duties of a shinobi. However, after training under the Sannin Tsunade, she overcomes this, and becomes recognised as one of the greatest medical-nin in the world., rating=4.5, power=92, month=Mar, day=28th, family=[Kizashi, Mebuki, Sarada, Sasuke], abilities=[Chakra Control, Medical Ninjutsu, Strength, Intelligence], natureTypes=[Earth, Water, Fire])], lastUpdated=1639727469188)&gt;
	at org.junit.Assert.fail(Assert.java:89)
	at org.junit.Assert.failNotEquals(Assert.java:835)
	at org.junit.Assert.assertEquals(Assert.java:120)
	at kotlin.test.junit.JUnitAsserter.assertEquals(JUnitSupport.kt:32)
	at kotlin.test.AssertionsKt__AssertionsKt.assertEquals(Assertions.kt:63)
	at kotlin.test.AssertionsKt.assertEquals(Unknown Source)
	at kotlin.test.AssertionsKt__AssertionsKt.assertEquals$default(Assertions.kt:62)
	at kotlin.test.AssertionsKt.assertEquals$default(Unknown Source)
	at devs.delminius.ApplicationTest$access all heroes endpoint, assert correct information$2.invoke(ApplicationTest.kt:52)
	at devs.delminius.ApplicationTest$access all heroes endpoint, assert correct information$2.invoke(ApplicationTest.kt:35)
	at io.ktor.server.testing.TestEngineKt$withTestApplication$1.invoke(TestEngine.kt:68)
	at io.ktor.server.testing.TestEngineKt$withTestApplication$1.invoke(TestEngine.kt:66)
	at io.ktor.server.testing.TestEngineKt.withApplication(TestEngine.kt:49)
	at io.ktor.server.testing.TestEngineKt.withApplication$default(TestEngine.kt:41)
	at io.ktor.server.testing.TestEngineKt.withTestApplication(TestEngine.kt:66)
	at devs.delminius.ApplicationTest.access all heroes endpoint, assert correct information(ApplicationTest.kt:35)
	at sun.reflect.NativeMethodAccessorImpl.invoke0(Native Method)
	at sun.reflect.NativeMethodAccessorImpl.invoke(NativeMethodAccessorImpl.java:62)
	at sun.reflect.DelegatingMethodAccessorImpl.invoke(DelegatingMethodAccessorImpl.java:43)
	at java.lang.reflect.Method.invoke(Method.java:498)
	at org.junit.runners.model.FrameworkMethod$1.runReflectiveCall(FrameworkMethod.java:59)
	at org.junit.internal.runners.model.ReflectiveCallable.run(ReflectiveCallable.java:12)
	at org.junit.runners.model.FrameworkMethod.invokeExplosively(FrameworkMethod.java:56)
	at org.junit.internal.runners.statements.InvokeMethod.evaluate(InvokeMethod.java:17)
	at org.junit.runners.ParentRunner$3.evaluate(ParentRunner.java:306)
	at org.junit.runners.BlockJUnit4ClassRunner$1.evaluate(BlockJUnit4ClassRunner.java:100)
	at org.junit.runners.ParentRunner.runLeaf(ParentRunner.java:366)
	at org.junit.runners.BlockJUnit4ClassRunner.runChild(BlockJUnit4ClassRunner.java:103)
	at org.junit.runners.BlockJUnit4ClassRunner.runChild(BlockJUnit4ClassRunner.java:63)
	at org.junit.runners.ParentRunner$4.run(ParentRunner.java:331)
	at org.junit.runners.ParentRunner$1.schedule(ParentRunner.java:79)
	at org.junit.runners.ParentRunner.runChildren(ParentRunner.java:329)
	at org.junit.runners.ParentRunner.access$100(ParentRunner.java:66)
	at org.junit.runners.ParentRunner$2.evaluate(ParentRunner.java:293)
	at org.junit.runners.ParentRunner$3.evaluate(ParentRunner.java:306)
	at org.junit.runners.ParentRunner.run(ParentRunner.java:413)
	at org.gradle.api.internal.tasks.testing.junit.JUnitTestClassExecutor.runTestClass(JUnitTestClassExecutor.java:110)
	at org.gradle.api.internal.tasks.testing.junit.JUnitTestClassExecutor.execute(JUnitTestClassExecutor.java:58)
	at org.gradle.api.internal.tasks.testing.junit.JUnitTestClassExecutor.execute(JUnitTestClassExecutor.java:38)
	at org.gradle.api.internal.tasks.testing.junit.AbstractJUnitTestClassProcessor.processTestClass(AbstractJUnitTestClassProcessor.java:62)
	at org.gradle.api.internal.tasks.testing.SuiteTestClassProcessor.processTestClass(SuiteTestClassProcessor.java:51)
	at sun.reflect.NativeMethodAccessorImpl.invoke0(Native Method)
	at sun.reflect.NativeMethodAccessorImpl.invoke(NativeMethodAccessorImpl.java:62)
	at sun.reflect.DelegatingMethodAccessorImpl.invoke(DelegatingMethodAccessorImpl.java:43)
	at java.lang.reflect.Method.invoke(Method.java:498)
	at org.gradle.internal.dispatch.ReflectionDispatch.dispatch(ReflectionDispatch.java:36)
	at org.gradle.internal.dispatch.ReflectionDispatch.dispatch(ReflectionDispatch.java:24)
	at org.gradle.internal.dispatch.ContextClassLoaderDispatch.dispatch(ContextClassLoaderDispatch.java:33)
	at org.gradle.internal.dispatch.ProxyDispatchAdapter$DispatchingInvocationHandler.invoke(ProxyDispatchAdapter.java:94)
	at com.sun.proxy.$Proxy2.processTestClass(Unknown Source)
	at org.gradle.api.internal.tasks.testing.worker.TestWorker.processTestClass(TestWorker.java:121)
	at sun.reflect.NativeMethodAccessorImpl.invoke0(Native Method)
	at sun.reflect.NativeMethodAccessorImpl.invoke(NativeMethodAccessorImpl.java:62)
	at sun.reflect.DelegatingMethodAccessorImpl.invoke(DelegatingMethodAccessorImpl.java:43)
	at java.lang.reflect.Method.invoke(Method.java:498)
	at org.gradle.internal.dispatch.ReflectionDispatch.dispatch(ReflectionDispatch.java:36)
	at org.gradle.internal.dispatch.ReflectionDispatch.dispatch(ReflectionDispatch.java:24)
	at org.gradle.internal.remote.internal.hub.MessageHubBackedObjectConnection$DispatchWrapper.dispatch(MessageHubBackedObjectConnection.java:182)
	at org.gradle.internal.remote.internal.hub.MessageHubBackedObjectConnection$DispatchWrapper.dispatch(MessageHubBackedObjectConnection.java:164)
	at org.gradle.internal.remote.internal.hub.MessageHub$Handler.run(MessageHub.java:414)
	at org.gradle.internal.concurrent.ExecutorPolicy$CatchAndRecordFailures.onExecute(ExecutorPolicy.java:64)
	at org.gradle.internal.concurrent.ManagedExecutorImpl$1.run(ManagedExecutorImpl.java:48)
	at java.util.concurrent.ThreadPoolExecutor.runWorker(ThreadPoolExecutor.java:1149)
	at java.util.concurrent.ThreadPoolExecutor$Worker.run(ThreadPoolExecutor.java:624)
	at org.gradle.internal.concurrent.ThreadFactoryImpl$ManagedThreadRunnable.run(ThreadFactoryImpl.java:56)
	at java.lang.Thread.run(Thread.java:748)
</failure>
  </testcase>
  <system-out><![CDATA[2021-12-17 08:51:08.879 [Test worker] INFO  ktor.test - Autoreload is disabled because the development mode is off.
2021-12-17 08:51:08.902 [Test worker] INFO  ktor.test - Application started in 0.123 seconds.
]]></system-out>
  <system-err><![CDATA[]]></system-err>
</testsuite>
