<?xml version="1.0" encoding="UTF-8"?>
<testsuite name="devs.delminius.ApplicationTest" tests="7" skipped="0" failures="0" errors="0" timestamp="2021-12-17T10:48:50" hostname="Ivans-MBP" time="1.88">
  <properties/>
  <testcase name="access all search heroes endpoint, query hero name, assert multiple heroes result" classname="devs.delminius.ApplicationTest" time="1.735"/>
  <testcase name="access all search heroes endpoint, query empty text, assert empty list as result" classname="devs.delminius.ApplicationTest" time="0.01"/>
  <testcase name="access non existing endpoint, assert not found" classname="devs.delminius.ApplicationTest" time="0.02"/>
  <testcase name="access all search heroes endpoint, query non existing hero, assert empty list as result" classname="devs.delminius.ApplicationTest" time="0.016"/>
  <testcase name="access all heroes endpoint, query all pages, assert correct information" classname="devs.delminius.ApplicationTest" time="0.072"/>
  <testcase name="access all search heroes endpoint, query hero name, assert single hero result" classname="devs.delminius.ApplicationTest" time="0.015"/>
  <testcase name="access all heroes endpoint, query non existing page number, assert error" classname="devs.delminius.ApplicationTest" time="0.011"/>
  <system-out><![CDATA[2021-12-17 11:48:51.250 [Test worker] INFO  ktor.test - Autoreload is disabled because the development mode is off.
2021-12-17 11:48:51.264 [Test worker] INFO  ktor.test - Application started in 0.29 seconds.
]]></system-out>
  <system-err><![CDATA[]]></system-err>
</testsuite>
